<?xml version="1.0" encoding="UTF-8"?>
<!-- Generated by org.testng.reporters.JUnitReportReporter -->
<testsuite skipped="0" hostname="DESKTOP-1NBJG8J" name="Test_Login" tests="1" failures="0" timestamp="2022-08-31T20:10:53 GMT+05:30" time="22.225" errors="0">
  <testcase name="LoginAndVerifyHomePage" time="22.225" classname="Test_Login"/>
  <system-out/>
</testsuite> <!-- Test_Login -->
