<?xml version="1.0" encoding="UTF-8"?>
<!-- Generated by org.testng.reporters.JUnitReportReporter -->
<testsuite skipped="0" hostname="DESKTOP-1NBJG8J" name="WriteData" tests="1" failures="0" timestamp="2022-09-12T19:37:55 GMT+05:30" time="3.866" errors="0">
  <testcase name="Test_Write" time="3.866" classname="WriteData"/>
  <system-out/>
</testsuite> <!-- WriteData -->
