<?xml version="1.0" encoding="UTF-8"?>
<!-- Generated by org.testng.reporters.JUnitReportReporter -->
<testsuite skipped="0" hostname="DESKTOP-1NBJG8J" name="ExcelAutomation" tests="1" failures="0" timestamp="2022-09-05T20:13:36 GMT+05:30" time="4.570" errors="0">
  <testcase name="readData" time="4.570" classname="ExcelAutomation"/>
  <system-out/>
</testsuite> <!-- ExcelAutomation -->
