<?xml version="1.0" encoding="UTF-8"?>
<!-- Generated by org.testng.reporters.JUnitReportReporter -->
<testsuite hostname="DESKTOP-1NBJG8J" failures="0" tests="1" name="Facebook_FriendsList" time="0.024" errors="0" timestamp="2022-09-22T18:30:37 GMT+05:30" skipped="0">
  <testcase classname="Facebook_FriendsList" name="GetFriendsList" time="0.024"/>
  <system-out/>
</testsuite> <!-- Facebook_FriendsList -->
